[23-Jun-2020 15:06:21 UTC] PHP Parse error:  syntax error, unexpected '}', expecting ',' or ';' in /Users/ullr/Local Sites/fictional-university/app/public/wp-content/themes/fictional-university-theme/index.php on line 4
[23-Jun-2020 15:31:45 UTC] PHP Parse error:  syntax error, unexpected 'while' (T_WHILE) in /Users/ullr/Local Sites/fictional-university/app/public/wp-content/themes/fictional-university-theme/index.php on line 4
[23-Jun-2020 19:50:08 UTC] PHP Parse error:  syntax error, unexpected 'wp_enqueue_style' (T_STRING) in /Users/ullr/Local Sites/fictional-university/app/public/wp-content/themes/fictional-university-theme/functions.php on line 4
[23-Jun-2020 20:42:51 UTC] PHP Parse error:  syntax error, unexpected '}' in /Users/ullr/Local Sites/fictional-university/app/public/wp-content/themes/fictional-university-theme/functions.php on line 14
[23-Jun-2020 20:43:54 UTC] PHP Warning:  call_user_func_array() expects parameter 1 to be a valid callback, function 'university-features' not found or invalid function name in /Users/ullr/Local Sites/fictional-university/app/public/wp-includes/class-wp-hook.php on line 287
[23-Jun-2020 20:43:54 UTC] PHP Stack trace:
[23-Jun-2020 20:43:54 UTC] PHP   1. {main}() /Users/ullr/Local Sites/fictional-university/app/public/index.php:0
[23-Jun-2020 20:43:54 UTC] PHP   2. require() /Users/ullr/Local Sites/fictional-university/app/public/index.php:17
[23-Jun-2020 20:43:54 UTC] PHP   3. require_once() /Users/ullr/Local Sites/fictional-university/app/public/wp-blog-header.php:13
[23-Jun-2020 20:43:54 UTC] PHP   4. require_once() /Users/ullr/Local Sites/fictional-university/app/public/wp-load.php:37
[23-Jun-2020 20:43:54 UTC] PHP   5. require_once() /Users/ullr/Local Sites/fictional-university/app/public/wp-config.php:77
[23-Jun-2020 20:43:54 UTC] PHP   6. do_action() /Users/ullr/Local Sites/fictional-university/app/public/wp-settings.php:518
[23-Jun-2020 20:43:54 UTC] PHP   7. WP_Hook->do_action() /Users/ullr/Local Sites/fictional-university/app/public/wp-includes/plugin.php:478
[23-Jun-2020 20:43:54 UTC] PHP   8. WP_Hook->apply_filters() /Users/ullr/Local Sites/fictional-university/app/public/wp-includes/class-wp-hook.php:311
[23-Jun-2020 20:43:54 UTC] PHP Warning:  call_user_func_array() expects parameter 1 to be a valid callback, function 'university-features' not found or invalid function name in /Users/ullr/Local Sites/fictional-university/app/public/wp-includes/class-wp-hook.php on line 287
[23-Jun-2020 20:43:54 UTC] PHP Stack trace:
[23-Jun-2020 20:43:54 UTC] PHP   1. {main}() /Users/ullr/Local Sites/fictional-university/app/public/wp-cron.php:0
[23-Jun-2020 20:43:54 UTC] PHP   2. require_once() /Users/ullr/Local Sites/fictional-university/app/public/wp-cron.php:44
[23-Jun-2020 20:43:54 UTC] PHP   3. require_once() /Users/ullr/Local Sites/fictional-university/app/public/wp-load.php:37
[23-Jun-2020 20:43:54 UTC] PHP   4. require_once() /Users/ullr/Local Sites/fictional-university/app/public/wp-config.php:77
[23-Jun-2020 20:43:54 UTC] PHP   5. do_action() /Users/ullr/Local Sites/fictional-university/app/public/wp-settings.php:518
[23-Jun-2020 20:43:54 UTC] PHP   6. WP_Hook->do_action() /Users/ullr/Local Sites/fictional-university/app/public/wp-includes/plugin.php:478
[23-Jun-2020 20:43:54 UTC] PHP   7. WP_Hook->apply_filters() /Users/ullr/Local Sites/fictional-university/app/public/wp-includes/class-wp-hook.php:311
[23-Jun-2020 20:44:00 UTC] PHP Warning:  call_user_func_array() expects parameter 1 to be a valid callback, function 'university-features' not found or invalid function name in /Users/ullr/Local Sites/fictional-university/app/public/wp-includes/class-wp-hook.php on line 287
[23-Jun-2020 20:44:00 UTC] PHP Stack trace:
[23-Jun-2020 20:44:00 UTC] PHP   1. {main}() /Users/ullr/Local Sites/fictional-university/app/public/wp-admin/post.php:0
[23-Jun-2020 20:44:00 UTC] PHP   2. require_once() /Users/ullr/Local Sites/fictional-university/app/public/wp-admin/post.php:12
[23-Jun-2020 20:44:00 UTC] PHP   3. require_once() /Users/ullr/Local Sites/fictional-university/app/public/wp-admin/admin.php:34
[23-Jun-2020 20:44:00 UTC] PHP   4. require_once() /Users/ullr/Local Sites/fictional-university/app/public/wp-load.php:37
[23-Jun-2020 20:44:00 UTC] PHP   5. require_once() /Users/ullr/Local Sites/fictional-university/app/public/wp-config.php:77
[23-Jun-2020 20:44:00 UTC] PHP   6. do_action() /Users/ullr/Local Sites/fictional-university/app/public/wp-settings.php:518
[23-Jun-2020 20:44:00 UTC] PHP   7. WP_Hook->do_action() /Users/ullr/Local Sites/fictional-university/app/public/wp-includes/plugin.php:478
[23-Jun-2020 20:44:00 UTC] PHP   8. WP_Hook->apply_filters() /Users/ullr/Local Sites/fictional-university/app/public/wp-includes/class-wp-hook.php:311
[23-Jun-2020 20:44:01 UTC] PHP Warning:  call_user_func_array() expects parameter 1 to be a valid callback, function 'university-features' not found or invalid function name in /Users/ullr/Local Sites/fictional-university/app/public/wp-includes/class-wp-hook.php on line 287
[23-Jun-2020 20:44:01 UTC] PHP Stack trace:
[23-Jun-2020 20:44:01 UTC] PHP   1. {main}() /Users/ullr/Local Sites/fictional-university/app/public/index.php:0
[23-Jun-2020 20:44:01 UTC] PHP   2. require() /Users/ullr/Local Sites/fictional-university/app/public/index.php:17
[23-Jun-2020 20:44:01 UTC] PHP   3. require_once() /Users/ullr/Local Sites/fictional-university/app/public/wp-blog-header.php:13
[23-Jun-2020 20:44:01 UTC] PHP   4. require_once() /Users/ullr/Local Sites/fictional-university/app/public/wp-load.php:37
[23-Jun-2020 20:44:01 UTC] PHP   5. require_once() /Users/ullr/Local Sites/fictional-university/app/public/wp-config.php:77
[23-Jun-2020 20:44:01 UTC] PHP   6. do_action() /Users/ullr/Local Sites/fictional-university/app/public/wp-settings.php:518
[23-Jun-2020 20:44:01 UTC] PHP   7. WP_Hook->do_action() /Users/ullr/Local Sites/fictional-university/app/public/wp-includes/plugin.php:478
[23-Jun-2020 20:44:01 UTC] PHP   8. WP_Hook->apply_filters() /Users/ullr/Local Sites/fictional-university/app/public/wp-includes/class-wp-hook.php:311
[23-Jun-2020 20:44:02 UTC] PHP Warning:  call_user_func_array() expects parameter 1 to be a valid callback, function 'university-features' not found or invalid function name in /Users/ullr/Local Sites/fictional-university/app/public/wp-includes/class-wp-hook.php on line 287
[23-Jun-2020 20:44:02 UTC] PHP Stack trace:
[23-Jun-2020 20:44:02 UTC] PHP   1. {main}() /Users/ullr/Local Sites/fictional-university/app/public/wp-admin/admin-ajax.php:0
[23-Jun-2020 20:44:02 UTC] PHP   2. require_once() /Users/ullr/Local Sites/fictional-university/app/public/wp-admin/admin-ajax.php:22
[23-Jun-2020 20:44:02 UTC] PHP   3. require_once() /Users/ullr/Local Sites/fictional-university/app/public/wp-load.php:37
[23-Jun-2020 20:44:02 UTC] PHP   4. require_once() /Users/ullr/Local Sites/fictional-university/app/public/wp-config.php:77
[23-Jun-2020 20:44:02 UTC] PHP   5. do_action() /Users/ullr/Local Sites/fictional-university/app/public/wp-settings.php:518
[23-Jun-2020 20:44:02 UTC] PHP   6. WP_Hook->do_action() /Users/ullr/Local Sites/fictional-university/app/public/wp-includes/plugin.php:478
[23-Jun-2020 20:44:02 UTC] PHP   7. WP_Hook->apply_filters() /Users/ullr/Local Sites/fictional-university/app/public/wp-includes/class-wp-hook.php:311
[23-Jun-2020 20:44:03 UTC] PHP Warning:  call_user_func_array() expects parameter 1 to be a valid callback, function 'university-features' not found or invalid function name in /Users/ullr/Local Sites/fictional-university/app/public/wp-includes/class-wp-hook.php on line 287
[23-Jun-2020 20:44:03 UTC] PHP Stack trace:
[23-Jun-2020 20:44:03 UTC] PHP   1. {main}() /Users/ullr/Local Sites/fictional-university/app/public/wp-admin/admin-ajax.php:0
[23-Jun-2020 20:44:03 UTC] PHP   2. require_once() /Users/ullr/Local Sites/fictional-university/app/public/wp-admin/admin-ajax.php:22
[23-Jun-2020 20:44:03 UTC] PHP   3. require_once() /Users/ullr/Local Sites/fictional-university/app/public/wp-load.php:37
[23-Jun-2020 20:44:03 UTC] PHP   4. require_once() /Users/ullr/Local Sites/fictional-university/app/public/wp-config.php:77
[23-Jun-2020 20:44:03 UTC] PHP   5. do_action() /Users/ullr/Local Sites/fictional-university/app/public/wp-settings.php:518
[23-Jun-2020 20:44:03 UTC] PHP   6. WP_Hook->do_action() /Users/ullr/Local Sites/fictional-university/app/public/wp-includes/plugin.php:478
[23-Jun-2020 20:44:03 UTC] PHP   7. WP_Hook->apply_filters() /Users/ullr/Local Sites/fictional-university/app/public/wp-includes/class-wp-hook.php:311
[23-Jun-2020 20:44:04 UTC] PHP Warning:  call_user_func_array() expects parameter 1 to be a valid callback, function 'university-features' not found or invalid function name in /Users/ullr/Local Sites/fictional-university/app/public/wp-includes/class-wp-hook.php on line 287
[23-Jun-2020 20:44:04 UTC] PHP Stack trace:
[23-Jun-2020 20:44:04 UTC] PHP   1. {main}() /Users/ullr/Local Sites/fictional-university/app/public/wp-admin/post.php:0
[23-Jun-2020 20:44:04 UTC] PHP   2. require_once() /Users/ullr/Local Sites/fictional-university/app/public/wp-admin/post.php:12
[23-Jun-2020 20:44:04 UTC] PHP   3. require_once() /Users/ullr/Local Sites/fictional-university/app/public/wp-admin/admin.php:34
[23-Jun-2020 20:44:04 UTC] PHP   4. require_once() /Users/ullr/Local Sites/fictional-university/app/public/wp-load.php:37
[23-Jun-2020 20:44:04 UTC] PHP   5. require_once() /Users/ullr/Local Sites/fictional-university/app/public/wp-config.php:77
[23-Jun-2020 20:44:04 UTC] PHP   6. do_action() /Users/ullr/Local Sites/fictional-university/app/public/wp-settings.php:518
[23-Jun-2020 20:44:04 UTC] PHP   7. WP_Hook->do_action() /Users/ullr/Local Sites/fictional-university/app/public/wp-includes/plugin.php:478
[23-Jun-2020 20:44:04 UTC] PHP   8. WP_Hook->apply_filters() /Users/ullr/Local Sites/fictional-university/app/public/wp-includes/class-wp-hook.php:311
[23-Jun-2020 20:44:05 UTC] PHP Warning:  call_user_func_array() expects parameter 1 to be a valid callback, function 'university-features' not found or invalid function name in /Users/ullr/Local Sites/fictional-university/app/public/wp-includes/class-wp-hook.php on line 287
[23-Jun-2020 20:44:05 UTC] PHP Stack trace:
[23-Jun-2020 20:44:05 UTC] PHP   1. {main}() /Users/ullr/Local Sites/fictional-university/app/public/index.php:0
[23-Jun-2020 20:44:05 UTC] PHP   2. require() /Users/ullr/Local Sites/fictional-university/app/public/index.php:17
[23-Jun-2020 20:44:05 UTC] PHP   3. require_once() /Users/ullr/Local Sites/fictional-university/app/public/wp-blog-header.php:13
[23-Jun-2020 20:44:05 UTC] PHP   4. require_once() /Users/ullr/Local Sites/fictional-university/app/public/wp-load.php:37
[23-Jun-2020 20:44:05 UTC] PHP   5. require_once() /Users/ullr/Local Sites/fictional-university/app/public/wp-config.php:77
[23-Jun-2020 20:44:05 UTC] PHP   6. do_action() /Users/ullr/Local Sites/fictional-university/app/public/wp-settings.php:518
[23-Jun-2020 20:44:05 UTC] PHP   7. WP_Hook->do_action() /Users/ullr/Local Sites/fictional-university/app/public/wp-includes/plugin.php:478
[23-Jun-2020 20:44:05 UTC] PHP   8. WP_Hook->apply_filters() /Users/ullr/Local Sites/fictional-university/app/public/wp-includes/class-wp-hook.php:311
[23-Jun-2020 20:44:05 UTC] PHP Warning:  call_user_func_array() expects parameter 1 to be a valid callback, function 'university-features' not found or invalid function name in /Users/ullr/Local Sites/fictional-university/app/public/wp-includes/class-wp-hook.php on line 287
[23-Jun-2020 20:44:05 UTC] PHP Stack trace:
[23-Jun-2020 20:44:05 UTC] PHP   1. {main}() /Users/ullr/Local Sites/fictional-university/app/public/wp-admin/admin-ajax.php:0
[23-Jun-2020 20:44:05 UTC] PHP   2. require_once() /Users/ullr/Local Sites/fictional-university/app/public/wp-admin/admin-ajax.php:22
[23-Jun-2020 20:44:05 UTC] PHP   3. require_once() /Users/ullr/Local Sites/fictional-university/app/public/wp-load.php:37
[23-Jun-2020 20:44:05 UTC] PHP   4. require_once() /Users/ullr/Local Sites/fictional-university/app/public/wp-config.php:77
[23-Jun-2020 20:44:05 UTC] PHP   5. do_action() /Users/ullr/Local Sites/fictional-university/app/public/wp-settings.php:518
[23-Jun-2020 20:44:05 UTC] PHP   6. WP_Hook->do_action() /Users/ullr/Local Sites/fictional-university/app/public/wp-includes/plugin.php:478
[23-Jun-2020 20:44:05 UTC] PHP   7. WP_Hook->apply_filters() /Users/ullr/Local Sites/fictional-university/app/public/wp-includes/class-wp-hook.php:311
[23-Jun-2020 20:45:06 UTC] PHP Warning:  call_user_func_array() expects parameter 1 to be a valid callback, function 'university-features' not found or invalid function name in /Users/ullr/Local Sites/fictional-university/app/public/wp-includes/class-wp-hook.php on line 287
[23-Jun-2020 20:45:06 UTC] PHP Stack trace:
[23-Jun-2020 20:45:06 UTC] PHP   1. {main}() /Users/ullr/Local Sites/fictional-university/app/public/wp-admin/admin-ajax.php:0
[23-Jun-2020 20:45:06 UTC] PHP   2. require_once() /Users/ullr/Local Sites/fictional-university/app/public/wp-admin/admin-ajax.php:22
[23-Jun-2020 20:45:06 UTC] PHP   3. require_once() /Users/ullr/Local Sites/fictional-university/app/public/wp-load.php:37
[23-Jun-2020 20:45:06 UTC] PHP   4. require_once() /Users/ullr/Local Sites/fictional-university/app/public/wp-config.php:77
[23-Jun-2020 20:45:06 UTC] PHP   5. do_action() /Users/ullr/Local Sites/fictional-university/app/public/wp-settings.php:518
[23-Jun-2020 20:45:06 UTC] PHP   6. WP_Hook->do_action() /Users/ullr/Local Sites/fictional-university/app/public/wp-includes/plugin.php:478
[23-Jun-2020 20:45:06 UTC] PHP   7. WP_Hook->apply_filters() /Users/ullr/Local Sites/fictional-university/app/public/wp-includes/class-wp-hook.php:311
[23-Jun-2020 20:45:07 UTC] PHP Warning:  call_user_func_array() expects parameter 1 to be a valid callback, function 'university-features' not found or invalid function name in /Users/ullr/Local Sites/fictional-university/app/public/wp-includes/class-wp-hook.php on line 287
[23-Jun-2020 20:45:07 UTC] PHP Stack trace:
[23-Jun-2020 20:45:07 UTC] PHP   1. {main}() /Users/ullr/Local Sites/fictional-university/app/public/wp-admin/admin-ajax.php:0
[23-Jun-2020 20:45:07 UTC] PHP   2. require_once() /Users/ullr/Local Sites/fictional-university/app/public/wp-admin/admin-ajax.php:22
[23-Jun-2020 20:45:07 UTC] PHP   3. require_once() /Users/ullr/Local Sites/fictional-university/app/public/wp-load.php:37
[23-Jun-2020 20:45:07 UTC] PHP   4. require_once() /Users/ullr/Local Sites/fictional-university/app/public/wp-config.php:77
[23-Jun-2020 20:45:07 UTC] PHP   5. do_action() /Users/ullr/Local Sites/fictional-university/app/public/wp-settings.php:518
[23-Jun-2020 20:45:07 UTC] PHP   6. WP_Hook->do_action() /Users/ullr/Local Sites/fictional-university/app/public/wp-includes/plugin.php:478
[23-Jun-2020 20:45:07 UTC] PHP   7. WP_Hook->apply_filters() /Users/ullr/Local Sites/fictional-university/app/public/wp-includes/class-wp-hook.php:311
[23-Jun-2020 20:46:20 UTC] PHP Warning:  call_user_func_array() expects parameter 1 to be a valid callback, function 'university-features' not found or invalid function name in /Users/ullr/Local Sites/fictional-university/app/public/wp-includes/class-wp-hook.php on line 287
[23-Jun-2020 20:46:20 UTC] PHP Stack trace:
[23-Jun-2020 20:46:20 UTC] PHP   1. {main}() /Users/ullr/Local Sites/fictional-university/app/public/wp-admin/admin-ajax.php:0
[23-Jun-2020 20:46:20 UTC] PHP   2. require_once() /Users/ullr/Local Sites/fictional-university/app/public/wp-admin/admin-ajax.php:22
[23-Jun-2020 20:46:20 UTC] PHP   3. require_once() /Users/ullr/Local Sites/fictional-university/app/public/wp-load.php:37
[23-Jun-2020 20:46:20 UTC] PHP   4. require_once() /Users/ullr/Local Sites/fictional-university/app/public/wp-config.php:77
[23-Jun-2020 20:46:20 UTC] PHP   5. do_action() /Users/ullr/Local Sites/fictional-university/app/public/wp-settings.php:518
[23-Jun-2020 20:46:20 UTC] PHP   6. WP_Hook->do_action() /Users/ullr/Local Sites/fictional-university/app/public/wp-includes/plugin.php:478
[23-Jun-2020 20:46:20 UTC] PHP   7. WP_Hook->apply_filters() /Users/ullr/Local Sites/fictional-university/app/public/wp-includes/class-wp-hook.php:311
[23-Jun-2020 20:46:21 UTC] PHP Warning:  call_user_func_array() expects parameter 1 to be a valid callback, function 'university-features' not found or invalid function name in /Users/ullr/Local Sites/fictional-university/app/public/wp-includes/class-wp-hook.php on line 287
[23-Jun-2020 20:46:21 UTC] PHP Stack trace:
[23-Jun-2020 20:46:21 UTC] PHP   1. {main}() /Users/ullr/Local Sites/fictional-university/app/public/wp-admin/admin-ajax.php:0
[23-Jun-2020 20:46:21 UTC] PHP   2. require_once() /Users/ullr/Local Sites/fictional-university/app/public/wp-admin/admin-ajax.php:22
[23-Jun-2020 20:46:21 UTC] PHP   3. require_once() /Users/ullr/Local Sites/fictional-university/app/public/wp-load.php:37
[23-Jun-2020 20:46:21 UTC] PHP   4. require_once() /Users/ullr/Local Sites/fictional-university/app/public/wp-config.php:77
[23-Jun-2020 20:46:21 UTC] PHP   5. do_action() /Users/ullr/Local Sites/fictional-university/app/public/wp-settings.php:518
[23-Jun-2020 20:46:21 UTC] PHP   6. WP_Hook->do_action() /Users/ullr/Local Sites/fictional-university/app/public/wp-includes/plugin.php:478
[23-Jun-2020 20:46:21 UTC] PHP   7. WP_Hook->apply_filters() /Users/ullr/Local Sites/fictional-university/app/public/wp-includes/class-wp-hook.php:311
[23-Jun-2020 20:46:21 UTC] PHP Warning:  call_user_func_array() expects parameter 1 to be a valid callback, function 'university-features' not found or invalid function name in /Users/ullr/Local Sites/fictional-university/app/public/wp-includes/class-wp-hook.php on line 287
[23-Jun-2020 20:46:21 UTC] PHP Stack trace:
[23-Jun-2020 20:46:21 UTC] PHP   1. {main}() /Users/ullr/Local Sites/fictional-university/app/public/wp-admin/post.php:0
[23-Jun-2020 20:46:21 UTC] PHP   2. require_once() /Users/ullr/Local Sites/fictional-university/app/public/wp-admin/post.php:12
[23-Jun-2020 20:46:21 UTC] PHP   3. require_once() /Users/ullr/Local Sites/fictional-university/app/public/wp-admin/admin.php:34
[23-Jun-2020 20:46:21 UTC] PHP   4. require_once() /Users/ullr/Local Sites/fictional-university/app/public/wp-load.php:37
[23-Jun-2020 20:46:21 UTC] PHP   5. require_once() /Users/ullr/Local Sites/fictional-university/app/public/wp-config.php:77
[23-Jun-2020 20:46:21 UTC] PHP   6. do_action() /Users/ullr/Local Sites/fictional-university/app/public/wp-settings.php:518
[23-Jun-2020 20:46:21 UTC] PHP   7. WP_Hook->do_action() /Users/ullr/Local Sites/fictional-university/app/public/wp-includes/plugin.php:478
[23-Jun-2020 20:46:21 UTC] PHP   8. WP_Hook->apply_filters() /Users/ullr/Local Sites/fictional-university/app/public/wp-includes/class-wp-hook.php:311
[23-Jun-2020 20:46:22 UTC] PHP Warning:  call_user_func_array() expects parameter 1 to be a valid callback, function 'university-features' not found or invalid function name in /Users/ullr/Local Sites/fictional-university/app/public/wp-includes/class-wp-hook.php on line 287
[23-Jun-2020 20:46:22 UTC] PHP Stack trace:
[23-Jun-2020 20:46:22 UTC] PHP   1. {main}() /Users/ullr/Local Sites/fictional-university/app/public/index.php:0
[23-Jun-2020 20:46:22 UTC] PHP   2. require() /Users/ullr/Local Sites/fictional-university/app/public/index.php:17
[23-Jun-2020 20:46:22 UTC] PHP   3. require_once() /Users/ullr/Local Sites/fictional-university/app/public/wp-blog-header.php:13
[23-Jun-2020 20:46:22 UTC] PHP   4. require_once() /Users/ullr/Local Sites/fictional-university/app/public/wp-load.php:37
[23-Jun-2020 20:46:22 UTC] PHP   5. require_once() /Users/ullr/Local Sites/fictional-university/app/public/wp-config.php:77
[23-Jun-2020 20:46:22 UTC] PHP   6. do_action() /Users/ullr/Local Sites/fictional-university/app/public/wp-settings.php:518
[23-Jun-2020 20:46:22 UTC] PHP   7. WP_Hook->do_action() /Users/ullr/Local Sites/fictional-university/app/public/wp-includes/plugin.php:478
[23-Jun-2020 20:46:22 UTC] PHP   8. WP_Hook->apply_filters() /Users/ullr/Local Sites/fictional-university/app/public/wp-includes/class-wp-hook.php:311
[25-Jun-2020 20:54:38 UTC] PHP Parse error:  syntax error, unexpected ';', expecting ')' in /Users/ullr/Local Sites/fictional-university/app/public/wp-content/themes/fictional-university-theme/page.php on line 31
