[30-Jun-2020 10:13:48] NOTICE: fpm is running, pid 31254
[30-Jun-2020 10:13:48] NOTICE: ready to handle connections
[30-Jun-2020 10:15:14] NOTICE: Terminating ...
[30-Jun-2020 10:15:14] NOTICE: Terminating ...
[30-Jun-2020 10:15:14] NOTICE: exiting, bye-bye!
[30-Jun-2020 10:16:39] NOTICE: fpm is running, pid 31648
[30-Jun-2020 10:16:39] NOTICE: ready to handle connections
[30-Jun-2020 10:21:02] NOTICE: Terminating ...
[30-Jun-2020 10:21:02] NOTICE: Terminating ...
[30-Jun-2020 10:21:02] NOTICE: exiting, bye-bye!
[30-Jun-2020 10:21:25] NOTICE: fpm is running, pid 32036
[30-Jun-2020 10:21:25] NOTICE: ready to handle connections
[30-Jun-2020 10:57:19] NOTICE: Terminating ...
[30-Jun-2020 10:57:19] NOTICE: Terminating ...
[30-Jun-2020 10:57:19] NOTICE: exiting, bye-bye!
[30-Jun-2020 10:57:22] NOTICE: fpm is running, pid 33997
[30-Jun-2020 10:57:22] NOTICE: ready to handle connections
[30-Jun-2020 20:05:21] NOTICE: Terminating ...
[30-Jun-2020 20:05:21] NOTICE: Terminating ...
[30-Jun-2020 20:05:21] NOTICE: exiting, bye-bye!
[30-Jun-2020 21:24:38] NOTICE: fpm is running, pid 2094
[30-Jun-2020 21:24:38] NOTICE: ready to handle connections
[01-Jul-2020 11:19:20] NOTICE: Terminating ...
[01-Jul-2020 11:19:20] NOTICE: Terminating ...
[01-Jul-2020 11:19:20] NOTICE: exiting, bye-bye!
[02-Jul-2020 08:46:43] NOTICE: fpm is running, pid 23755
[02-Jul-2020 08:46:43] NOTICE: ready to handle connections
[02-Jul-2020 08:53:35] NOTICE: Terminating ...
[02-Jul-2020 08:53:35] NOTICE: Terminating ...
[02-Jul-2020 08:53:35] NOTICE: exiting, bye-bye!
[02-Jul-2020 08:56:42] NOTICE: fpm is running, pid 24533
[02-Jul-2020 08:56:42] NOTICE: ready to handle connections
[02-Jul-2020 23:17:15] NOTICE: Terminating ...
[02-Jul-2020 23:17:15] NOTICE: Terminating ...
[02-Jul-2020 23:17:15] NOTICE: exiting, bye-bye!
[05-Jul-2020 19:55:11] NOTICE: fpm is running, pid 64221
[05-Jul-2020 19:55:11] NOTICE: ready to handle connections
[05-Jul-2020 20:08:20] NOTICE: Terminating ...
[05-Jul-2020 20:08:20] NOTICE: Terminating ...
[05-Jul-2020 20:08:20] NOTICE: exiting, bye-bye!
[07-Jul-2020 12:19:48] NOTICE: fpm is running, pid 85894
[07-Jul-2020 12:19:48] NOTICE: ready to handle connections
